# JRE version: OpenJDK Runtime Environment Temurin-17.0.8.1+1 (17.0.8.1+1) (build 17.0.8.1+1)
# Java VM: OpenJDK 64-Bit Server VM Temurin-17.0.8.1+1 (17.0.8.1+1, mixed mode, emulated-client, tiered, compressed oops, compressed class ptrs, g1 gc, windows-amd64)
GC Precious Log:
 CPUs: 2 total, 2 available
 Memory: 3911M
 Large Page Support: Disabled
 NUMA Support: Disabled
 Compressed Oops: Enabled (32-bit)
 Heap Region Size: 1M
 Heap Min Capacity: 8M
 Heap Initial Capacity: 62M
 Heap Max Capacity: 1G
 Pre-touch: Disabled
 Parallel Workers: 2
 Concurrent Workers: 1
 Concurrent Refinement Workers: 2
 Periodic GC: Disabled
Heap:
 garbage-first heap   total 51200K, used 18448K [0x00000000c0000000, 0x0000000100000000)
  region size 1024K, 2 young (2048K), 0 survivors (0K)
 Metaspace       used 38282K, committed 38720K, reserved 1114112K
  class space    used 5062K, committed 5248K, reserved 1048576K
GC Heap History (20 events):
Event: 436.966 GC heap before
{Heap before GC invocations=30 (full 16):
 garbage-first heap   total 51200K, used 17379K [0x00000000c0000000, 0x0000000100000000)
  region size 1024K, 1 young (1024K), 0 survivors (0K)
 Metaspace       used 38245K, committed 38720K, reserved 1114112K
  class space    used 5052K, committed 5248K, reserved 1048576K
}
Event: 437.026 GC heap after
{Heap after GC invocations=31 (full 17):
 garbage-first heap   total 51200K, used 17379K [0x00000000c0000000, 0x0000000100000000)
  region size 1024K, 0 young (0K), 0 survivors (0K)
 Metaspace       used 38245K, committed 38720K, reserved 1114112K
  class space    used 5052K, committed 5248K, reserved 1048576K
}
Event: 448.205 GC heap before
{Heap before GC invocations=31 (full 17):
 garbage-first heap   total 51200K, used 17379K [0x00000000c0000000, 0x0000000100000000)
  region size 1024K, 1 young (1024K), 0 survivors (0K)
 Metaspace       used 38245K, committed 38720K, reserved 1114112K
  class space    used 5052K, committed 5248K, reserved 1048576K
}
Event: 448.268 GC heap after
{Heap after GC invocations=32 (full 18):
 garbage-first heap   total 51200K, used 17379K [0x00000000c0000000, 0x0000000100000000)
  region size 1024K, 0 young (0K), 0 survivors (0K)
 Metaspace       used 38245K, committed 38720K, reserved 1114112K
  class space    used 5052K, committed 5248K, reserved 1048576K
}
Event: 461.816 GC heap before
{Heap before GC invocations=32 (full 18):
 garbage-first heap   total 51200K, used 17379K [0x00000000c0000000, 0x0000000100000000)
  region size 1024K, 1 young (1024K), 0 survivors (0K)
 Metaspace       used 38245K, committed 38720K, reserved 1114112K
  class space    used 5052K, committed 5248K, reserved 1048576K
}
Event: 461.873 GC heap after
{Heap after GC invocations=33 (full 19):
 garbage-first heap   total 51200K, used 17379K [0x00000000c0000000, 0x0000000100000000)
  region size 1024K, 0 young (0K), 0 survivors (0K)
 Metaspace       used 38245K, committed 38720K, reserved 1114112K
  class space    used 5052K, committed 5248K, reserved 1048576K
}
Event: 473.955 GC heap before
{Heap before GC invocations=33 (full 19):
 garbage-first heap   total 51200K, used 17379K [0x00000000c0000000, 0x0000000100000000)
  region size 1024K, 1 young (1024K), 0 survivors (0K)
 Metaspace       used 38245K, committed 38720K, reserved 1114112K
  class space    used 5052K, committed 5248K, reserved 1048576K
}
Event: 474.013 GC heap after
{Heap after GC invocations=34 (full 20):
 garbage-first heap   total 51200K, used 17379K [0x00000000c0000000, 0x0000000100000000)
  region size 1024K, 0 young (0K), 0 survivors (0K)
 Metaspace       used 38245K, committed 38720K, reserved 1114112K
  class space    used 5052K, committed 5248K, reserved 1048576K
}
Event: 486.227 GC heap before
{Heap before GC invocations=34 (full 20):
 garbage-first heap   total 51200K, used 17379K [0x00000000c0000000, 0x0000000100000000)
  region size 1024K, 1 young (1024K), 0 survivors (0K)
 Metaspace       used 38245K, committed 38720K, reserved 1114112K
  class space    used 5052K, committed 5248K, reserved 1048576K
}
Event: 486.287 GC heap after
{Heap after GC invocations=35 (full 21):
 garbage-first heap   total 51200K, used 17379K [0x00000000c0000000, 0x0000000100000000)
  region size 1024K, 0 young (0K), 0 survivors (0K)
 Metaspace       used 38245K, committed 38720K, reserved 1114112K
  class space    used 5052K, committed 5248K, reserved 1048576K
}
Event: 506.157 GC heap before
{Heap before GC invocations=35 (full 21):
 garbage-first heap   total 51200K, used 17379K [0x00000000c0000000, 0x0000000100000000)
  region size 1024K, 1 young (1024K), 0 survivors (0K)
 Metaspace       used 38245K, committed 38720K, reserved 1114112K
  class space    used 5052K, committed 5248K, reserved 1048576K
}
Event: 506.218 GC heap after
{Heap after GC invocations=36 (full 22):
 garbage-first heap   total 51200K, used 17379K [0x00000000c0000000, 0x0000000100000000)
  region size 1024K, 0 young (0K), 0 survivors (0K)
 Metaspace       used 38245K, committed 38720K, reserved 1114112K
  class space    used 5052K, committed 5248K, reserved 1048576K
}
Event: 524.834 GC heap before
{Heap before GC invocations=36 (full 22):
 garbage-first heap   total 51200K, used 17379K [0x00000000c0000000, 0x0000000100000000)
  region size 1024K, 1 young (1024K), 0 survivors (0K)
 Metaspace       used 38253K, committed 38720K, reserved 1114112K
  class space    used 5055K, committed 5248K, reserved 1048576K
}
Event: 524.913 GC heap after
{Heap after GC invocations=37 (full 23):
 garbage-first heap   total 51200K, used 17431K [0x00000000c0000000, 0x0000000100000000)
  region size 1024K, 0 young (0K), 0 survivors (0K)
 Metaspace       used 38253K, committed 38720K, reserved 1114112K
  class space    used 5055K, committed 5248K, reserved 1048576K
}
Event: 579.719 GC heap before
{Heap before GC invocations=37 (full 23):
 garbage-first heap   total 51200K, used 17431K [0x00000000c0000000, 0x0000000100000000)
  region size 1024K, 1 young (1024K), 0 survivors (0K)
 Metaspace       used 38267K, committed 38720K, reserved 1114112K
  class space    used 5058K, committed 5248K, reserved 1048576K
}
Event: 579.777 GC heap after
{Heap after GC invocations=38 (full 24):
 garbage-first heap   total 51200K, used 17450K [0x00000000c0000000, 0x0000000100000000)
  region size 1024K, 0 young (0K), 0 survivors (0K)
 Metaspace       used 38267K, committed 38720K, reserved 1114112K
  class space    used 5058K, committed 5248K, reserved 1048576K
}
Event: 593.387 GC heap before
{Heap before GC invocations=38 (full 24):
 garbage-first heap   total 51200K, used 17450K [0x00000000c0000000, 0x0000000100000000)
  region size 1024K, 1 young (1024K), 0 survivors (0K)
 Metaspace       used 38267K, committed 38720K, reserved 1114112K
  class space    used 5058K, committed 5248K, reserved 1048576K
}
Event: 593.787 GC heap after
{Heap after GC invocations=39 (full 25):
 garbage-first heap   total 51200K, used 17409K [0x00000000c0000000, 0x0000000100000000)
  region size 1024K, 0 young (0K), 0 survivors (0K)
 Metaspace       used 38262K, committed 38720K, reserved 1114112K
  class space    used 5056K, committed 5248K, reserved 1048576K
}
Event: 611.700 GC heap before
{Heap before GC invocations=39 (full 25):
 garbage-first heap   total 51200K, used 17409K [0x00000000c0000000, 0x0000000100000000)
  region size 1024K, 1 young (1024K), 0 survivors (0K)
 Metaspace       used 38276K, committed 38720K, reserved 1114112K
  class space    used 5061K, committed 5248K, reserved 1048576K
}
Event: 611.767 GC heap after
{Heap after GC invocations=40 (full 26):
 garbage-first heap   total 51200K, used 17424K [0x00000000c0000000, 0x0000000100000000)
  region size 1024K, 0 young (0K), 0 survivors (0K)
 Metaspace       used 38276K, committed 38720K, reserved 1114112K
  class space    used 5061K, committed 5248K, reserved 1048576K
}

