# JRE version: OpenJDK Runtime Environment Temurin-17.0.8.1+1 (17.0.8.1+1) (build 17.0.8.1+1)
# Java VM: OpenJDK 64-Bit Server VM Temurin-17.0.8.1+1 (17.0.8.1+1, mixed mode, emulated-client, tiered, compressed oops, compressed class ptrs, g1 gc, windows-amd64)
GC Precious Log:
 CPUs: 2 total, 2 available
 Memory: 3911M
 Large Page Support: Disabled
 NUMA Support: Disabled
 Compressed Oops: Enabled (32-bit)
 Heap Region Size: 1M
 Heap Min Capacity: 8M
 Heap Initial Capacity: 62M
 Heap Max Capacity: 1G
 Pre-touch: Disabled
 Parallel Workers: 2
 Concurrent Workers: 1
 Concurrent Refinement Workers: 2
 Periodic GC: Disabled
Heap:
 garbage-first heap   total 51200K, used 26522K [0x00000000c0000000, 0x0000000100000000)
  region size 1024K, 10 young (10240K), 3 survivors (3072K)
 Metaspace       used 34590K, committed 34944K, reserved 1114112K
  class space    used 4446K, committed 4608K, reserved 1048576K
GC Heap History (18 events):
Event: 18.957 GC heap before
{Heap before GC invocations=0 (full 0):
 garbage-first heap   total 63488K, used 5120K [0x00000000c0000000, 0x0000000100000000)
  region size 1024K, 6 young (6144K), 0 survivors (0K)
 Metaspace       used 4238K, committed 4416K, reserved 1114112K
  class space    used 406K, committed 512K, reserved 1048576K
}
Event: 19.376 GC heap after
{Heap after GC invocations=1 (full 0):
 garbage-first heap   total 63488K, used 4816K [0x00000000c0000000, 0x0000000100000000)
  region size 1024K, 1 young (1024K), 1 survivors (1024K)
 Metaspace       used 4238K, committed 4416K, reserved 1114112K
  class space    used 406K, committed 512K, reserved 1048576K
}
Event: 21.013 GC heap before
{Heap before GC invocations=1 (full 0):
 garbage-first heap   total 63488K, used 5840K [0x00000000c0000000, 0x0000000100000000)
  region size 1024K, 3 young (3072K), 1 survivors (1024K)
 Metaspace       used 4273K, committed 4480K, reserved 1114112K
  class space    used 411K, committed 512K, reserved 1048576K
}
Event: 21.021 GC heap after
{Heap after GC invocations=2 (full 0):
 garbage-first heap   total 63488K, used 5722K [0x00000000c0000000, 0x0000000100000000)
  region size 1024K, 1 young (1024K), 1 survivors (1024K)
 Metaspace       used 4273K, committed 4480K, reserved 1114112K
  class space    used 411K, committed 512K, reserved 1048576K
}
Event: 25.717 GC heap before
{Heap before GC invocations=2 (full 0):
 garbage-first heap   total 63488K, used 10842K [0x00000000c0000000, 0x0000000100000000)
  region size 1024K, 7 young (7168K), 1 survivors (1024K)
 Metaspace       used 6072K, committed 6208K, reserved 1114112K
  class space    used 591K, committed 640K, reserved 1048576K
}
Event: 25.724 GC heap after
{Heap after GC invocations=3 (full 0):
 garbage-first heap   total 63488K, used 8697K [0x00000000c0000000, 0x0000000100000000)
  region size 1024K, 1 young (1024K), 1 survivors (1024K)
 Metaspace       used 6072K, committed 6208K, reserved 1114112K
  class space    used 591K, committed 640K, reserved 1048576K
}
Event: 34.021 GC heap before
{Heap before GC invocations=3 (full 0):
 garbage-first heap   total 63488K, used 19961K [0x00000000c0000000, 0x0000000100000000)
  region size 1024K, 12 young (12288K), 1 survivors (1024K)
 Metaspace       used 9535K, committed 9792K, reserved 1114112K
  class space    used 1154K, committed 1280K, reserved 1048576K
}
Event: 34.028 GC heap after
{Heap after GC invocations=4 (full 0):
 garbage-first heap   total 63488K, used 9601K [0x00000000c0000000, 0x0000000100000000)
  region size 1024K, 2 young (2048K), 2 survivors (2048K)
 Metaspace       used 9535K, committed 9792K, reserved 1114112K
  class space    used 1154K, committed 1280K, reserved 1048576K
}
Event: 52.739 GC heap before
{Heap before GC invocations=4 (full 0):
 garbage-first heap   total 63488K, used 36225K [0x00000000c0000000, 0x0000000100000000)
  region size 1024K, 28 young (28672K), 2 survivors (2048K)
 Metaspace       used 16822K, committed 17088K, reserved 1114112K
  class space    used 2111K, committed 2240K, reserved 1048576K
}
Event: 52.757 GC heap after
{Heap after GC invocations=5 (full 0):
 garbage-first heap   total 63488K, used 12210K [0x00000000c0000000, 0x0000000100000000)
  region size 1024K, 4 young (4096K), 4 survivors (4096K)
 Metaspace       used 16822K, committed 17088K, reserved 1114112K
  class space    used 2111K, committed 2240K, reserved 1048576K
}
Event: 60.633 GC heap before
{Heap before GC invocations=5 (full 0):
 garbage-first heap   total 63488K, used 29618K [0x00000000c0000000, 0x0000000100000000)
  region size 1024K, 23 young (23552K), 4 survivors (4096K)
 Metaspace       used 21332K, committed 21504K, reserved 1114112K
  class space    used 2618K, committed 2688K, reserved 1048576K
}
Event: 60.661 GC heap after
{Heap after GC invocations=6 (full 0):
 garbage-first heap   total 63488K, used 13805K [0x00000000c0000000, 0x0000000100000000)
  region size 1024K, 2 young (2048K), 2 survivors (2048K)
 Metaspace       used 21332K, committed 21504K, reserved 1114112K
  class space    used 2618K, committed 2688K, reserved 1048576K
}
Event: 72.595 GC heap before
{Heap before GC invocations=7 (full 0):
 garbage-first heap   total 51200K, used 41453K [0x00000000c0000000, 0x0000000100000000)
  region size 1024K, 30 young (30720K), 2 survivors (2048K)
 Metaspace       used 27211K, committed 27456K, reserved 1114112K
  class space    used 3394K, committed 3520K, reserved 1048576K
}
Event: 72.617 GC heap after
{Heap after GC invocations=8 (full 0):
 garbage-first heap   total 51200K, used 16147K [0x00000000c0000000, 0x0000000100000000)
  region size 1024K, 4 young (4096K), 4 survivors (4096K)
 Metaspace       used 27211K, committed 27456K, reserved 1114112K
  class space    used 3394K, committed 3520K, reserved 1048576K
}
Event: 91.780 GC heap before
{Heap before GC invocations=8 (full 0):
 garbage-first heap   total 51200K, used 36627K [0x00000000c0000000, 0x0000000100000000)
  region size 1024K, 25 young (25600K), 4 survivors (4096K)
 Metaspace       used 30378K, committed 30720K, reserved 1114112K
  class space    used 3809K, committed 3968K, reserved 1048576K
}
Event: 91.800 GC heap after
{Heap after GC invocations=9 (full 0):
 garbage-first heap   total 51200K, used 17907K [0x00000000c0000000, 0x0000000100000000)
  region size 1024K, 2 young (2048K), 2 survivors (2048K)
 Metaspace       used 30378K, committed 30720K, reserved 1114112K
  class space    used 3809K, committed 3968K, reserved 1048576K
}
Event: 109.789 GC heap before
{Heap before GC invocations=9 (full 0):
 garbage-first heap   total 51200K, used 37363K [0x00000000c0000000, 0x0000000100000000)
  region size 1024K, 22 young (22528K), 2 survivors (2048K)
 Metaspace       used 33003K, committed 33280K, reserved 1114112K
  class space    used 4215K, committed 4352K, reserved 1048576K
}
Event: 109.810 GC heap after
{Heap after GC invocations=10 (full 0):
 garbage-first heap   total 51200K, used 20378K [0x00000000c0000000, 0x0000000100000000)
  region size 1024K, 3 young (3072K), 3 survivors (3072K)
 Metaspace       used 33003K, committed 33280K, reserved 1114112K
  class space    used 4215K, committed 4352K, reserved 1048576K
}

